<?xml version="1.0" encoding="UTF-8"?>
<testng-results skipped="0" failed="0" total="1" passed="1">
  <reporter-output>
  </reporter-output>
  <suite name="Default suite" duration-ms="75905" started-at="2015-06-26T13:16:31Z" finished-at="2015-06-26T13:17:47Z">
    <groups>
    </groups>
    <test name="Default test" duration-ms="75905" started-at="2015-06-26T13:16:31Z" finished-at="2015-06-26T13:17:47Z">
      <class name="functionalitycheckpro.Expchk">
        <test-method status="PASS" signature="AddGuarantorCheck()[pri:0, instance:functionalitycheckpro.Expchk@11bee48]" name="AddGuarantorCheck" duration-ms="75885" started-at="2015-06-26T18:46:31Z" finished-at="2015-06-26T18:47:47Z">
          <reporter-output>
          </reporter-output>
        </test-method> <!-- AddGuarantorCheck -->
      </class> <!-- functionalitycheckpro.Expchk -->
    </test> <!-- Default test -->
  </suite> <!-- Default suite -->
</testng-results>
