<?xml version="1.0" encoding="UTF-8"?>
<!-- Generated by org.testng.reporters.JUnitXMLReporter -->
<testsuite hostname="sayed-MS-7309" name="test2" tests="26" failures="1" timestamp="17 Jun 2015 06:04:27 GMT" time="22.046" errors="0">
  <testcase name="@AfterMethod AF" time="0.0" classname="comregpro.RegproclsOne">
    <failure type="org.openqa.selenium.remote.UnreachableBrowserException" message="Error communicating with the remote browser. It may have died.
Build info: version: &amp;apos;2.46.0&amp;apos;, revision: &amp;apos;87c69e2&amp;apos;, time: &amp;apos;2015-06-04 16:17:10&amp;apos;
System info: host: &amp;apos;sayed-MS-7309&amp;apos;, ip: &amp;apos;127.0.1.1&amp;apos;, os.name: &amp;apos;Linux&amp;apos;, os.arch: &amp;apos;i386&amp;apos;, os.version: &amp;apos;3.13.0-44-generic&amp;apos;, java.version: &amp;apos;1.7.0_75&amp;apos;
Driver info: driver.version: RemoteWebDriver">
      <![CDATA[org.openqa.selenium.remote.UnreachableBrowserException: Error communicating with the remote browser. It may have died.
Build info: version: '2.46.0', revision: '87c69e2', time: '2015-06-04 16:17:10'
System info: host: 'sayed-MS-7309', ip: '127.0.1.1', os.name: 'Linux', os.arch: 'i386', os.version: '3.13.0-44-generic', java.version: '1.7.0_75'
Driver info: driver.version: RemoteWebDriver
	at org.openqa.selenium.remote.RemoteWebDriver.execute(RemoteWebDriver.java:599)
	at org.openqa.selenium.remote.RemoteWebDriver.execute(RemoteWebDriver.java:628)
	at org.openqa.selenium.remote.RemoteWebDriver.quit(RemoteWebDriver.java:474)
	at comregpro.RegproclsOne.AF(RegproclsOne.java:210)
Caused by: org.apache.http.conn.HttpHostConnectException: Connect to 127.0.0.1:7055 [/127.0.0.1] failed: Connection refused
	at org.apache.http.impl.conn.DefaultHttpClientConnectionOperator.connect(DefaultHttpClientConnectionOperator.java:151)
	at org.apache.http.impl.conn.PoolingHttpClientConnectionManager.connect(PoolingHttpClientConnectionManager.java:353)
	at org.apache.http.impl.execchain.MainClientExec.establishRoute(MainClientExec.java:380)
	at org.apache.http.impl.execchain.MainClientExec.execute(MainClientExec.java:236)
	at org.apache.http.impl.execchain.ProtocolExec.execute(ProtocolExec.java:184)
	at org.apache.http.impl.execchain.RetryExec.execute(RetryExec.java:88)
	at org.apache.http.impl.execchain.RedirectExec.execute(RedirectExec.java:110)
	at org.apache.http.impl.client.InternalHttpClient.doExecute(InternalHttpClient.java:184)
	at org.apache.http.impl.client.CloseableHttpClient.execute(CloseableHttpClient.java:71)
	at org.apache.http.impl.client.CloseableHttpClient.execute(CloseableHttpClient.java:55)
	at org.openqa.selenium.remote.internal.ApacheHttpClient.fallBackExecute(ApacheHttpClient.java:143)
	at org.openqa.selenium.remote.internal.ApacheHttpClient.execute(ApacheHttpClient.java:89)
	at org.openqa.selenium.remote.HttpCommandExecutor.execute(HttpCommandExecutor.java:134)
	at org.openqa.selenium.firefox.internal.NewProfileExtensionConnection.execute(NewProfileExtensionConnection.java:168)
	at org.openqa.selenium.firefox.FirefoxDriver$LazyCommandExecutor.execute(FirefoxDriver.java:392)
	at org.openqa.selenium.remote.RemoteWebDriver.execute(RemoteWebDriver.java:578)
	... 29 more
Caused by: java.net.ConnectException: Connection refused
	at java.net.PlainSocketImpl.socketConnect(Native Method)
	at java.net.AbstractPlainSocketImpl.doConnect(AbstractPlainSocketImpl.java:339)
	at java.net.AbstractPlainSocketImpl.connectToAddress(AbstractPlainSocketImpl.java:200)
	at java.net.AbstractPlainSocketImpl.connect(AbstractPlainSocketImpl.java:182)
	at java.net.SocksSocketImpl.connect(SocksSocketImpl.java:392)
	at java.net.Socket.connect(Socket.java:579)
	at org.apache.http.conn.socket.PlainConnectionSocketFactory.connectSocket(PlainConnectionSocketFactory.java:74)
	at org.apache.http.impl.conn.DefaultHttpClientConnectionOperator.connect(DefaultHttpClientConnectionOperator.java:134)
	... 44 more
... Removed 26 stack frames]]>
    </failure>
  </testcase> <!-- @AfterMethod AF -->
  <testcase name="@AfterMethod AF" time="0.0" classname="comregpro.RegproclsOne">
    <skipped/>
  </testcase> <!-- @AfterMethod AF -->
  <testcase name="@AfterMethod AF" time="0.0" classname="comregpro.RegproclsOne">
    <skipped/>
  </testcase> <!-- @AfterMethod AF -->
  <testcase name="@AfterMethod AF" time="0.0" classname="comregpro.RegproclsOne">
    <skipped/>
  </testcase> <!-- @AfterMethod AF -->
  <testcase name="@AfterMethod AF" time="0.0" classname="comregpro.RegproclsOne">
    <skipped/>
  </testcase> <!-- @AfterMethod AF -->
  <testcase name="@AfterMethod AF" time="0.0" classname="comregpro.RegproclsOne">
    <skipped/>
  </testcase> <!-- @AfterMethod AF -->
  <testcase name="@AfterMethod AF" time="0.0" classname="comregpro.RegproclsOne">
    <skipped/>
  </testcase> <!-- @AfterMethod AF -->
  <testcase name="@AfterMethod AF" time="0.0" classname="comregpro.RegproclsOne">
    <skipped/>
  </testcase> <!-- @AfterMethod AF -->
  <testcase name="@AfterMethod AF" time="0.0" classname="comregpro.RegproclsOne">
    <skipped/>
  </testcase> <!-- @AfterMethod AF -->
  <testcase name="@AfterMethod AF" time="0.0" classname="comregpro.RegproclsOne">
    <skipped/>
  </testcase> <!-- @AfterMethod AF -->
  <testcase name="@AfterMethod AF" time="0.0" classname="comregpro.RegproclsOne">
    <skipped/>
  </testcase> <!-- @AfterMethod AF -->
  <testcase name="@AfterMethod AF" time="0.0" classname="comregpro.RegproclsOne">
    <skipped/>
  </testcase> <!-- @AfterMethod AF -->
  <testcase name="@AfterMethod AF" time="0.0" classname="comregpro.RegproclsOne">
    <skipped/>
  </testcase> <!-- @AfterMethod AF -->
  <testcase name="@AfterMethod AF" time="0.0" classname="comregpro.RegproclsOne">
    <skipped/>
  </testcase> <!-- @AfterMethod AF -->
  <testcase name="@AfterMethod AF" time="0.0" classname="comregpro.RegproclsOne">
    <skipped/>
  </testcase> <!-- @AfterMethod AF -->
  <testcase name="@AfterMethod AF" time="0.0" classname="comregpro.RegproclsOne">
    <skipped/>
  </testcase> <!-- @AfterMethod AF -->
  <testcase name="@AfterMethod AF" time="0.0" classname="comregpro.RegproclsOne">
    <skipped/>
  </testcase> <!-- @AfterMethod AF -->
  <testcase name="@AfterMethod AF" time="0.0" classname="comregpro.RegproclsOne">
    <skipped/>
  </testcase> <!-- @AfterMethod AF -->
  <testcase name="@AfterMethod AF" time="0.0" classname="comregpro.RegproclsOne">
    <skipped/>
  </testcase> <!-- @AfterMethod AF -->
  <testcase name="@AfterMethod AF" time="0.0" classname="comregpro.RegproclsOne">
    <skipped/>
  </testcase> <!-- @AfterMethod AF -->
  <testcase name="@AfterMethod AF" time="0.0" classname="comregpro.RegproclsOne">
    <skipped/>
  </testcase> <!-- @AfterMethod AF -->
  <testcase name="@AfterMethod AF" time="0.0" classname="comregpro.RegproclsOne">
    <skipped/>
  </testcase> <!-- @AfterMethod AF -->
  <testcase name="@AfterMethod AF" time="0.0" classname="comregpro.RegproclsOne">
    <skipped/>
  </testcase> <!-- @AfterMethod AF -->
  <testcase name="@AfterMethod AF" time="0.0" classname="comregpro.RegproclsOne">
    <skipped/>
  </testcase> <!-- @AfterMethod AF -->
  <testcase name="@AfterMethod AF" time="0.0" classname="comregpro.RegproclsOne">
    <skipped/>
  </testcase> <!-- @AfterMethod AF -->
  <testcase name="@AfterMethod AF" time="0.0" classname="comregpro.RegproclsOne">
    <skipped/>
  </testcase> <!-- @AfterMethod AF -->
  <testcase name="LoginPageResTest" time="21.289" classname="comregpro.RegproclsOne">
    <failure type="org.openqa.selenium.remote.UnreachableBrowserException" message="Error communicating with the remote browser. It may have died.
Build info: version: &amp;apos;2.46.0&amp;apos;, revision: &amp;apos;87c69e2&amp;apos;, time: &amp;apos;2015-06-04 16:17:10&amp;apos;
System info: host: &amp;apos;sayed-MS-7309&amp;apos;, ip: &amp;apos;127.0.1.1&amp;apos;, os.name: &amp;apos;Linux&amp;apos;, os.arch: &amp;apos;i386&amp;apos;, os.version: &amp;apos;3.13.0-44-generic&amp;apos;, java.version: &amp;apos;1.7.0_75&amp;apos;
Driver info: driver.version: RemoteWebDriver">
      <![CDATA[org.openqa.selenium.remote.UnreachableBrowserException: Error communicating with the remote browser. It may have died.
Build info: version: '2.46.0', revision: '87c69e2', time: '2015-06-04 16:17:10'
System info: host: 'sayed-MS-7309', ip: '127.0.1.1', os.name: 'Linux', os.arch: 'i386', os.version: '3.13.0-44-generic', java.version: '1.7.0_75'
Driver info: driver.version: RemoteWebDriver
	at org.openqa.selenium.remote.RemoteWebDriver.execute(RemoteWebDriver.java:599)
	at org.openqa.selenium.remote.RemoteWebDriver.execute(RemoteWebDriver.java:628)
	at org.openqa.selenium.remote.RemoteWebDriver.getPageSource(RemoteWebDriver.java:465)
	at comregpro.RegproclsOne.LoginPageResTest(RegproclsOne.java:73)
Caused by: org.apache.http.conn.HttpHostConnectException: Connect to 127.0.0.1:7055 [/127.0.0.1] failed: Connection refused
	at org.apache.http.impl.conn.DefaultHttpClientConnectionOperator.connect(DefaultHttpClientConnectionOperator.java:151)
	at org.apache.http.impl.conn.PoolingHttpClientConnectionManager.connect(PoolingHttpClientConnectionManager.java:353)
	at org.apache.http.impl.execchain.MainClientExec.establishRoute(MainClientExec.java:380)
	at org.apache.http.impl.execchain.MainClientExec.execute(MainClientExec.java:236)
	at org.apache.http.impl.execchain.ProtocolExec.execute(ProtocolExec.java:184)
	at org.apache.http.impl.execchain.RetryExec.execute(RetryExec.java:88)
	at org.apache.http.impl.execchain.RedirectExec.execute(RedirectExec.java:110)
	at org.apache.http.impl.client.InternalHttpClient.doExecute(InternalHttpClient.java:184)
	at org.apache.http.impl.client.CloseableHttpClient.execute(CloseableHttpClient.java:71)
	at org.apache.http.impl.client.CloseableHttpClient.execute(CloseableHttpClient.java:55)
	at org.openqa.selenium.remote.internal.ApacheHttpClient.fallBackExecute(ApacheHttpClient.java:143)
	at org.openqa.selenium.remote.internal.ApacheHttpClient.execute(ApacheHttpClient.java:89)
	at org.openqa.selenium.remote.HttpCommandExecutor.execute(HttpCommandExecutor.java:134)
	at org.openqa.selenium.firefox.internal.NewProfileExtensionConnection.execute(NewProfileExtensionConnection.java:168)
	at org.openqa.selenium.firefox.FirefoxDriver$LazyCommandExecutor.execute(FirefoxDriver.java:392)
	at org.openqa.selenium.remote.RemoteWebDriver.execute(RemoteWebDriver.java:578)
	... 27 more
Caused by: java.net.ConnectException: Connection refused
	at java.net.PlainSocketImpl.socketConnect(Native Method)
	at java.net.AbstractPlainSocketImpl.doConnect(AbstractPlainSocketImpl.java:339)
	at java.net.AbstractPlainSocketImpl.connectToAddress(AbstractPlainSocketImpl.java:200)
	at java.net.AbstractPlainSocketImpl.connect(AbstractPlainSocketImpl.java:182)
	at java.net.SocksSocketImpl.connect(SocksSocketImpl.java:392)
	at java.net.Socket.connect(Socket.java:579)
	at org.apache.http.conn.socket.PlainConnectionSocketFactory.connectSocket(PlainConnectionSocketFactory.java:74)
	at org.apache.http.impl.conn.DefaultHttpClientConnectionOperator.connect(DefaultHttpClientConnectionOperator.java:134)
	... 42 more
... Removed 24 stack frames]]>
    </failure>
  </testcase> <!-- LoginPageResTest -->
  <testcase name="LoginPageResTest" time="0.011" classname="comregpro.RegproclsOne">
    <skipped/>
  </testcase> <!-- LoginPageResTest -->
  <testcase name="LoginPageResTest" time="0.01" classname="comregpro.RegproclsOne">
    <skipped/>
  </testcase> <!-- LoginPageResTest -->
  <testcase name="LoginPageResTest" time="0.004" classname="comregpro.RegproclsOne">
    <skipped/>
  </testcase> <!-- LoginPageResTest -->
  <testcase name="LoginPageResTest" time="0.005" classname="comregpro.RegproclsOne">
    <skipped/>
  </testcase> <!-- LoginPageResTest -->
  <testcase name="LoginPageResTest" time="0.003" classname="comregpro.RegproclsOne">
    <skipped/>
  </testcase> <!-- LoginPageResTest -->
  <testcase name="LoginPageResTest" time="0.006" classname="comregpro.RegproclsOne">
    <skipped/>
  </testcase> <!-- LoginPageResTest -->
  <testcase name="LoginPageResTest" time="0.008" classname="comregpro.RegproclsOne">
    <skipped/>
  </testcase> <!-- LoginPageResTest -->
  <testcase name="LoginPageResTest" time="0.003" classname="comregpro.RegproclsOne">
    <skipped/>
  </testcase> <!-- LoginPageResTest -->
  <testcase name="LoginPageResTest" time="0.001" classname="comregpro.RegproclsOne">
    <skipped/>
  </testcase> <!-- LoginPageResTest -->
  <testcase name="LoginPageResTest" time="0.003" classname="comregpro.RegproclsOne">
    <skipped/>
  </testcase> <!-- LoginPageResTest -->
  <testcase name="LoginPageResTest" time="0.001" classname="comregpro.RegproclsOne">
    <skipped/>
  </testcase> <!-- LoginPageResTest -->
  <testcase name="LoginPageResTest" time="0.001" classname="comregpro.RegproclsOne">
    <skipped/>
  </testcase> <!-- LoginPageResTest -->
  <testcase name="LoginPageResTest" time="0.0" classname="comregpro.RegproclsOne">
    <skipped/>
  </testcase> <!-- LoginPageResTest -->
  <testcase name="LoginPageResTest" time="0.0" classname="comregpro.RegproclsOne">
    <skipped/>
  </testcase> <!-- LoginPageResTest -->
  <testcase name="LoginPageResTest" time="0.001" classname="comregpro.RegproclsOne">
    <skipped/>
  </testcase> <!-- LoginPageResTest -->
  <testcase name="LoginPageResTest" time="0.018" classname="comregpro.RegproclsOne">
    <skipped/>
  </testcase> <!-- LoginPageResTest -->
  <testcase name="LoginPageResTest" time="0.001" classname="comregpro.RegproclsOne">
    <skipped/>
  </testcase> <!-- LoginPageResTest -->
  <testcase name="LoginPageResTest" time="0.001" classname="comregpro.RegproclsOne">
    <skipped/>
  </testcase> <!-- LoginPageResTest -->
  <testcase name="LoginPageResTest" time="0.013" classname="comregpro.RegproclsOne">
    <skipped/>
  </testcase> <!-- LoginPageResTest -->
  <testcase name="LoginPageResTest" time="0.0" classname="comregpro.RegproclsOne">
    <skipped/>
  </testcase> <!-- LoginPageResTest -->
  <testcase name="LoginPageResTest" time="0.001" classname="comregpro.RegproclsOne">
    <skipped/>
  </testcase> <!-- LoginPageResTest -->
  <testcase name="LoginPageResTest" time="0.001" classname="comregpro.RegproclsOne">
    <skipped/>
  </testcase> <!-- LoginPageResTest -->
  <testcase name="LoginPageResTest" time="0.009" classname="comregpro.RegproclsOne">
    <skipped/>
  </testcase> <!-- LoginPageResTest -->
  <testcase name="LoginPageResTest" time="0.0" classname="comregpro.RegproclsOne">
    <skipped/>
  </testcase> <!-- LoginPageResTest -->
  <testcase name="LoginPageResTest" time="0.007" classname="comregpro.RegproclsOne">
    <skipped/>
  </testcase> <!-- LoginPageResTest -->
</testsuite> <!-- test2 -->
